<?xml version="1.0" encoding="UTF-8"?>
<testsuite xmlns:xsi="http://www.w3.org/2001/XMLSchema-instance" xsi:noNamespaceSchemaLocation="https://maven.apache.org/surefire/maven-surefire-plugin/xsd/surefire-test-report.xsd" name="TestSuite" time="64.552" tests="13" errors="0" skipped="0" failures="0">
  <properties>
    <property name="java.specification.version" value="17"/>
    <property name="sun.jnu.encoding" value="UTF-8"/>
    <property name="java.class.path" value="/opt/homebrew/Cellar/maven/3.9.0/libexec/boot/plexus-classworlds-2.6.0.jar"/>
    <property name="java.vm.vendor" value="Oracle Corporation"/>
    <property name="sun.arch.data.model" value="64"/>
    <property name="java.vendor.url" value="https://java.oracle.com/"/>
    <property name="user.timezone" value="Asia/Kolkata"/>
    <property name="maven.conf" value="/opt/homebrew/Cellar/maven/3.9.0/libexec/conf"/>
    <property name="java.vm.specification.version" value="17"/>
    <property name="os.name" value="Mac OS X"/>
    <property name="sun.java.launcher" value="SUN_STANDARD"/>
    <property name="user.country" value="IN"/>
    <property name="sun.boot.library.path" value="/Library/Java/JavaVirtualMachines/jdk-17.0.5.jdk/Contents/Home/lib"/>
    <property name="sun.java.command" value="org.codehaus.plexus.classworlds.launcher.Launcher -f /Users/vaibhavsrivastava/eclipse-workspace/SeleniumUIDocker/pom.xml clean test -Dbrowser=chromeheadless"/>
    <property name="http.nonProxyHosts" value="local|*.local|169.254/16|*.169.254/16"/>
    <property name="jdk.debug" value="release"/>
    <property name="maven.home" value="/opt/homebrew/Cellar/maven/3.9.0/libexec"/>
    <property name="sun.cpu.endian" value="little"/>
    <property name="user.home" value="/Users/vaibhavsrivastava"/>
    <property name="user.language" value="en"/>
    <property name="java.specification.vendor" value="Oracle Corporation"/>
    <property name="java.version.date" value="2022-10-18"/>
    <property name="java.home" value="/Library/Java/JavaVirtualMachines/jdk-17.0.5.jdk/Contents/Home"/>
    <property name="file.separator" value="/"/>
    <property name="java.vm.compressedOopsMode" value="Zero based"/>
    <property name="line.separator" value="&#10;"/>
    <property name="java.vm.specification.vendor" value="Oracle Corporation"/>
    <property name="java.specification.name" value="Java Platform API Specification"/>
    <property name="sun.management.compiler" value="HotSpot 64-Bit Tiered Compilers"/>
    <property name="ftp.nonProxyHosts" value="local|*.local|169.254/16|*.169.254/16"/>
    <property name="java.runtime.version" value="17.0.5+9-LTS-191"/>
    <property name="user.name" value="vaibhavsrivastava"/>
    <property name="path.separator" value=":"/>
    <property name="os.version" value="13.1"/>
    <property name="java.runtime.name" value="Java(TM) SE Runtime Environment"/>
    <property name="file.encoding" value="UTF-8"/>
    <property name="guice.disable.misplaced.annotation.check" value="true"/>
    <property name="browser" value="chromeheadless"/>
    <property name="java.vm.name" value="Java HotSpot(TM) 64-Bit Server VM"/>
    <property name="java.vendor.url.bug" value="https://bugreport.java.com/bugreport/"/>
    <property name="java.io.tmpdir" value="/var/folders/cw/bc5w86mn5lg9vhs1mcm75rl40000gn/T/"/>
    <property name="java.version" value="17.0.5"/>
    <property name="user.dir" value="/Users/vaibhavsrivastava/eclipse-workspace/SeleniumUIDocker"/>
    <property name="os.arch" value="aarch64"/>
    <property name="maven.multiModuleProjectDirectory" value="/Users/vaibhavsrivastava/eclipse-workspace/SeleniumUIDocker"/>
    <property name="java.vm.specification.name" value="Java Virtual Machine Specification"/>
    <property name="native.encoding" value="UTF-8"/>
    <property name="java.library.path" value="/Users/vaibhavsrivastava/Library/Java/Extensions:/Library/Java/Extensions:/Network/Library/Java/Extensions:/System/Library/Java/Extensions:/usr/lib/java:."/>
    <property name="java.vm.info" value="mixed mode, sharing"/>
    <property name="java.vendor" value="Oracle Corporation"/>
    <property name="java.vm.version" value="17.0.5+9-LTS-191"/>
    <property name="classworlds.conf" value="/opt/homebrew/Cellar/maven/3.9.0/libexec/bin/m2.conf"/>
    <property name="sun.io.unicode.encoding" value="UnicodeBig"/>
    <property name="library.jansi.path" value="/opt/homebrew/Cellar/maven/3.9.0/libexec/lib/jansi-native"/>
    <property name="socksNonProxyHosts" value="local|*.local|169.254/16|*.169.254/16"/>
    <property name="java.class.version" value="61.0"/>
  </properties>
  <testcase name="navigateToFlightDetailsPage" classname="bookFlightModule.FlightDetailsTest" time="17.364"/>
  <testcase name="launchAppAndNavigateToItineraryPage" classname="bookFlightModule.ItineraryTest" time="20.848"/>
  <testcase name="validatePageTitle" classname="bookFlightModule.ItineraryTest" time="0.716"/>
  <testcase name="validateFlightMessage" classname="bookFlightModule.ItineraryTest" time="0.162"/>
  <testcase name="confirmationID" classname="bookFlightModule.ItineraryTest" time="0.119"/>
  <testcase name="totalTicketPrice" classname="bookFlightModule.ItineraryTest" time="0.082"/>
  <testcase name="signOffLink" classname="bookFlightModule.ItineraryTest" time="0.129"/>
  <testcase name="navigateToFlightDeparturepage" classname="bookFlightModule.FlightDepartureTest" time="14.901"/>
  <testcase name="validatePageTitle" classname="bookFlightModule.FlightDetailsTest" time="5.07"/>
  <testcase name="validatePageTitle" classname="bookFlightModule.FlightDepartureTest" time="0.027"/>
  <testcase name="validateFlightMessage" classname="bookFlightModule.FlightDetailsTest" time="0.089"/>
  <testcase name="validateFlightMessage" classname="bookFlightModule.FlightDepartureTest" time="0.133"/>
  <testcase name="passengersCount" classname="bookFlightModule.FlightDetailsTest" time="0.219"/>
</testsuite>