<?xml version="1.0" encoding="UTF-8"?>
<!-- Generated by org.testng.reporters.JUnitReportReporter -->
<testsuite hostname="Vaibhavs-MacBook-Air.local" failures="0" tests="6" name="bookFlightModule.ItineraryTest" time="24.306" errors="0" timestamp="2023-03-13T17:13:48 IST" skipped="0">
  <testcase classname="bookFlightModule.ItineraryTest" name="launchAppAndNavigateToItineraryPage" time="18.713"/>
  <system-out/>
  <testcase classname="bookFlightModule.ItineraryTest" name="validatePageTitle" time="5.053"/>
  <system-out/>
  <testcase classname="bookFlightModule.ItineraryTest" name="validateFlightMessage" time="0.051"/>
  <system-out/>
  <testcase classname="bookFlightModule.ItineraryTest" name="confirmationID" time="0.118"/>
  <system-out/>
  <testcase classname="bookFlightModule.ItineraryTest" name="totalTicketPrice" time="0.096"/>
  <system-out/>
  <testcase classname="bookFlightModule.ItineraryTest" name="signOffLink" time="0.275"/>
  <system-out/>
</testsuite> <!-- bookFlightModule.ItineraryTest -->
