<?xml version="1.0" encoding="UTF-8"?>
<!-- Generated by org.testng.reporters.JUnitReportReporter -->
<testsuite hostname="Vaibhavs-MacBook-Air.local" failures="0" tests="4" name="bookFlightModule.FlightDetailsTest" time="21.390" errors="0" timestamp="2023-03-13T17:13:48 IST" skipped="0">
  <testcase classname="bookFlightModule.FlightDetailsTest" name="navigateToFlightDetailsPage" time="16.031"/>
  <system-out/>
  <testcase classname="bookFlightModule.FlightDetailsTest" name="validatePageTitle" time="5.050"/>
  <system-out/>
  <testcase classname="bookFlightModule.FlightDetailsTest" name="validateFlightMessage" time="0.086"/>
  <system-out/>
  <testcase classname="bookFlightModule.FlightDetailsTest" name="passengersCount" time="0.223"/>
  <system-out/>
</testsuite> <!-- bookFlightModule.FlightDetailsTest -->
