<?xml version="1.0" encoding="UTF-8"?>
<!-- Generated by org.testng.reporters.JUnitReportReporter -->
<testsuite hostname="Vaibhavs-MacBook-Air.local" failures="0" tests="4" name="SVG.SvgElement" time="55.511" errors="0" timestamp="2023-03-14T12:23:24 IST" skipped="3">
  <testcase classname="SVG.SvgElement" name="flipKartSVG" time="55.511"/>
  <system-out/>
  <testcase classname="SVG.SvgElement" name="flipKartSVG2">
    <skipped/>
  </testcase> <!-- flipKartSVG2 -->
  <system-out/>
  <testcase classname="SVG.SvgElement" name="handleSVG">
    <skipped/>
  </testcase> <!-- handleSVG -->
  <system-out/>
  <testcase classname="SVG.SvgElement" name="graphSVG">
    <skipped/>
  </testcase> <!-- graphSVG -->
  <system-out/>
</testsuite> <!-- SVG.SvgElement -->
