<?xml version="1.0" encoding="UTF-8"?>
<!-- Generated by org.testng.reporters.JUnitReportReporter -->
<testsuite hostname="Vaibhavs-MacBook-Air.local" failures="0" tests="3" name="bookFlightModule.FlightDepartureTest" time="14.107" errors="0" timestamp="2023-03-13T17:13:48 IST" skipped="0">
  <testcase classname="bookFlightModule.FlightDepartureTest" name="navigateToFlightDeparturepage" time="13.965"/>
  <system-out/>
  <testcase classname="bookFlightModule.FlightDepartureTest" name="validatePageTitle" time="0.018"/>
  <system-out/>
  <testcase classname="bookFlightModule.FlightDepartureTest" name="validateFlightMessage" time="0.124"/>
  <system-out/>
</testsuite> <!-- bookFlightModule.FlightDepartureTest -->
