<?xml version="1.0" encoding="UTF-8"?>
<!-- Generated by org.testng.reporters.JUnitReportReporter -->
<testsuite hostname="Vaibhavs-MacBook-Air.local" failures="0" tests="6" name="bookFlightModule.ItineraryTest" time="26.481" errors="0" timestamp="2023-03-13T22:37:04 IST" skipped="0">
  <testcase classname="bookFlightModule.ItineraryTest" name="launchAppAndNavigateToItineraryPage" time="20.833"/>
  <system-out/>
  <testcase classname="bookFlightModule.ItineraryTest" name="validatePageTitle" time="5.162"/>
  <system-out/>
  <testcase classname="bookFlightModule.ItineraryTest" name="validateFlightMessage" time="0.163"/>
  <system-out/>
  <testcase classname="bookFlightModule.ItineraryTest" name="confirmationID" time="0.118"/>
  <system-out/>
  <testcase classname="bookFlightModule.ItineraryTest" name="totalTicketPrice" time="0.082"/>
  <system-out/>
  <testcase classname="bookFlightModule.ItineraryTest" name="signOffLink" time="0.123"/>
  <system-out/>
</testsuite> <!-- bookFlightModule.ItineraryTest -->
