<?xml version="1.0" encoding="UTF-8"?>
<!-- Generated by org.testng.reporters.JUnitReportReporter -->
<testsuite hostname="Vaibhavs-MacBook-Air.local" failures="0" tests="3" name="bookFlightModule.FlightDepartureTest" time="16.141" errors="0" timestamp="2023-03-13T22:37:04 IST" skipped="0">
  <testcase classname="bookFlightModule.FlightDepartureTest" name="navigateToFlightDeparturepage" time="15.981"/>
  <system-out/>
  <testcase classname="bookFlightModule.FlightDepartureTest" name="validatePageTitle" time="0.027"/>
  <system-out/>
  <testcase classname="bookFlightModule.FlightDepartureTest" name="validateFlightMessage" time="0.133"/>
  <system-out/>
</testsuite> <!-- bookFlightModule.FlightDepartureTest -->
