<?xml version="1.0" encoding="UTF-8"?>
<!-- Generated by org.testng.reporters.JUnitReportReporter -->
<testsuite hostname="Vaibhavs-MacBook-Air.local" failures="0" tests="4" name="bookFlightModule.FlightDetailsTest" time="23.551" errors="0" timestamp="2023-03-13T22:37:04 IST" skipped="0">
  <testcase classname="bookFlightModule.FlightDetailsTest" name="navigateToFlightDetailsPage" time="18.175"/>
  <system-out/>
  <testcase classname="bookFlightModule.FlightDetailsTest" name="validatePageTitle" time="5.068"/>
  <system-out/>
  <testcase classname="bookFlightModule.FlightDetailsTest" name="validateFlightMessage" time="0.089"/>
  <system-out/>
  <testcase classname="bookFlightModule.FlightDetailsTest" name="passengersCount" time="0.219"/>
  <system-out/>
</testsuite> <!-- bookFlightModule.FlightDetailsTest -->
